Determining if the pthread_create exist failed with the following output:
Change Dir: /home/martinpc/PycharmProjects/TIAGo-hamr-navigation/goalpub/build/catkin_tools_prebuild/CMakeFiles/CMakeTmp

Run Build Command:"/usr/bin/make" "cmTC_9b75f/fast"
/usr/bin/make -f CMakeFiles/cmTC_9b75f.dir/build.make CMakeFiles/cmTC_9b75f.dir/build
make[1]: Entering directory '/home/martinpc/PycharmProjects/TIAGo-hamr-navigation/goalpub/build/catkin_tools_prebuild/CMakeFiles/CMakeTmp'
Building C object CMakeFiles/cmTC_9b75f.dir/CheckSymbolExists.c.o
/usr/bin/cc     -o CMakeFiles/cmTC_9b75f.dir/CheckSymbolExists.c.o   -c /home/martinpc/PycharmProjects/TIAGo-hamr-navigation/goalpub/build/catkin_tools_prebuild/CMakeFiles/CMakeTmp/CheckSymbolExists.c
Linking C executable cmTC_9b75f
/usr/bin/cmake -E cmake_link_script CMakeFiles/cmTC_9b75f.dir/link.txt --verbose=1
/usr/bin/cc       CMakeFiles/cmTC_9b75f.dir/CheckSymbolExists.c.o  -o cmTC_9b75f -rdynamic 
CMakeFiles/cmTC_9b75f.dir/CheckSymbolExists.c.o: In function `main':
CheckSymbolExists.c:(.text+0x16): undefined reference to `pthread_create'
collect2: error: ld returned 1 exit status
CMakeFiles/cmTC_9b75f.dir/build.make:97: recipe for target 'cmTC_9b75f' failed
make[1]: *** [cmTC_9b75f] Error 1
make[1]: Leaving directory '/home/martinpc/PycharmProjects/TIAGo-hamr-navigation/goalpub/build/catkin_tools_prebuild/CMakeFiles/CMakeTmp'
Makefile:126: recipe for target 'cmTC_9b75f/fast' failed
make: *** [cmTC_9b75f/fast] Error 2

File /home/martinpc/PycharmProjects/TIAGo-hamr-navigation/goalpub/build/catkin_tools_prebuild/CMakeFiles/CMakeTmp/CheckSymbolExists.c:
/* */
#include <pthread.h>

int main(int argc, char** argv)
{
  (void)argv;
#ifndef pthread_create
  return ((int*)(&pthread_create))[argc];
#else
  (void)argc;
  return 0;
#endif
}

Determining if the function pthread_create exists in the pthreads failed with the following output:
Change Dir: /home/martinpc/PycharmProjects/TIAGo-hamr-navigation/goalpub/build/catkin_tools_prebuild/CMakeFiles/CMakeTmp

Run Build Command:"/usr/bin/make" "cmTC_08912/fast"
/usr/bin/make -f CMakeFiles/cmTC_08912.dir/build.make CMakeFiles/cmTC_08912.dir/build
make[1]: Entering directory '/home/martinpc/PycharmProjects/TIAGo-hamr-navigation/goalpub/build/catkin_tools_prebuild/CMakeFiles/CMakeTmp'
Building C object CMakeFiles/cmTC_08912.dir/CheckFunctionExists.c.o
/usr/bin/cc    -DCHECK_FUNCTION_EXISTS=pthread_create   -o CMakeFiles/cmTC_08912.dir/CheckFunctionExists.c.o   -c /usr/share/cmake-3.5/Modules/CheckFunctionExists.c
Linking C executable cmTC_08912
/usr/bin/cmake -E cmake_link_script CMakeFiles/cmTC_08912.dir/link.txt --verbose=1
/usr/bin/cc   -DCHECK_FUNCTION_EXISTS=pthread_create    CMakeFiles/cmTC_08912.dir/CheckFunctionExists.c.o  -o cmTC_08912 -rdynamic -lpthreads 
/usr/bin/ld: cannot find -lpthreads
collect2: error: ld returned 1 exit status
CMakeFiles/cmTC_08912.dir/build.make:97: recipe for target 'cmTC_08912' failed
make[1]: *** [cmTC_08912] Error 1
make[1]: Leaving directory '/home/martinpc/PycharmProjects/TIAGo-hamr-navigation/goalpub/build/catkin_tools_prebuild/CMakeFiles/CMakeTmp'
Makefile:126: recipe for target 'cmTC_08912/fast' failed
make: *** [cmTC_08912/fast] Error 2


