Determining if the pthread_create exist failed with the following output:
Change Dir: /home/martinpc/PycharmProjects/TIAGo-hamr-navigation/movebasepub/build/catkin_tools_prebuild/CMakeFiles/CMakeTmp

Run Build Command:"/usr/bin/make" "cmTC_1ebd0/fast"
/usr/bin/make -f CMakeFiles/cmTC_1ebd0.dir/build.make CMakeFiles/cmTC_1ebd0.dir/build
make[1]: Entering directory '/home/martinpc/PycharmProjects/TIAGo-hamr-navigation/movebasepub/build/catkin_tools_prebuild/CMakeFiles/CMakeTmp'
Building C object CMakeFiles/cmTC_1ebd0.dir/CheckSymbolExists.c.o
/usr/bin/cc     -o CMakeFiles/cmTC_1ebd0.dir/CheckSymbolExists.c.o   -c /home/martinpc/PycharmProjects/TIAGo-hamr-navigation/movebasepub/build/catkin_tools_prebuild/CMakeFiles/CMakeTmp/CheckSymbolExists.c
Linking C executable cmTC_1ebd0
/usr/bin/cmake -E cmake_link_script CMakeFiles/cmTC_1ebd0.dir/link.txt --verbose=1
/usr/bin/cc       CMakeFiles/cmTC_1ebd0.dir/CheckSymbolExists.c.o  -o cmTC_1ebd0 -rdynamic 
CMakeFiles/cmTC_1ebd0.dir/CheckSymbolExists.c.o: In function `main':
CheckSymbolExists.c:(.text+0x16): undefined reference to `pthread_create'
collect2: error: ld returned 1 exit status
CMakeFiles/cmTC_1ebd0.dir/build.make:97: recipe for target 'cmTC_1ebd0' failed
make[1]: *** [cmTC_1ebd0] Error 1
make[1]: Leaving directory '/home/martinpc/PycharmProjects/TIAGo-hamr-navigation/movebasepub/build/catkin_tools_prebuild/CMakeFiles/CMakeTmp'
Makefile:126: recipe for target 'cmTC_1ebd0/fast' failed
make: *** [cmTC_1ebd0/fast] Error 2

File /home/martinpc/PycharmProjects/TIAGo-hamr-navigation/movebasepub/build/catkin_tools_prebuild/CMakeFiles/CMakeTmp/CheckSymbolExists.c:
/* */
#include <pthread.h>

int main(int argc, char** argv)
{
  (void)argv;
#ifndef pthread_create
  return ((int*)(&pthread_create))[argc];
#else
  (void)argc;
  return 0;
#endif
}

Determining if the function pthread_create exists in the pthreads failed with the following output:
Change Dir: /home/martinpc/PycharmProjects/TIAGo-hamr-navigation/movebasepub/build/catkin_tools_prebuild/CMakeFiles/CMakeTmp

Run Build Command:"/usr/bin/make" "cmTC_675e0/fast"
/usr/bin/make -f CMakeFiles/cmTC_675e0.dir/build.make CMakeFiles/cmTC_675e0.dir/build
make[1]: Entering directory '/home/martinpc/PycharmProjects/TIAGo-hamr-navigation/movebasepub/build/catkin_tools_prebuild/CMakeFiles/CMakeTmp'
Building C object CMakeFiles/cmTC_675e0.dir/CheckFunctionExists.c.o
/usr/bin/cc    -DCHECK_FUNCTION_EXISTS=pthread_create   -o CMakeFiles/cmTC_675e0.dir/CheckFunctionExists.c.o   -c /usr/share/cmake-3.5/Modules/CheckFunctionExists.c
Linking C executable cmTC_675e0
/usr/bin/cmake -E cmake_link_script CMakeFiles/cmTC_675e0.dir/link.txt --verbose=1
/usr/bin/cc   -DCHECK_FUNCTION_EXISTS=pthread_create    CMakeFiles/cmTC_675e0.dir/CheckFunctionExists.c.o  -o cmTC_675e0 -rdynamic -lpthreads 
/usr/bin/ld: cannot find -lpthreads
collect2: error: ld returned 1 exit status
CMakeFiles/cmTC_675e0.dir/build.make:97: recipe for target 'cmTC_675e0' failed
make[1]: *** [cmTC_675e0] Error 1
make[1]: Leaving directory '/home/martinpc/PycharmProjects/TIAGo-hamr-navigation/movebasepub/build/catkin_tools_prebuild/CMakeFiles/CMakeTmp'
Makefile:126: recipe for target 'cmTC_675e0/fast' failed
make: *** [cmTC_675e0/fast] Error 2


