Determining if the pthread_create exist failed with the following output:
Change Dir: /home/martinpc/PycharmProjects/TIAGo-hamr-navigation/goalpub/build/pathsplit/CMakeFiles/CMakeTmp

Run Build Command:"/usr/bin/make" "cmTC_8b0d1/fast"
/usr/bin/make -f CMakeFiles/cmTC_8b0d1.dir/build.make CMakeFiles/cmTC_8b0d1.dir/build
make[1]: Entering directory '/home/martinpc/PycharmProjects/TIAGo-hamr-navigation/goalpub/build/pathsplit/CMakeFiles/CMakeTmp'
Building C object CMakeFiles/cmTC_8b0d1.dir/CheckSymbolExists.c.o
/usr/bin/cc     -o CMakeFiles/cmTC_8b0d1.dir/CheckSymbolExists.c.o   -c /home/martinpc/PycharmProjects/TIAGo-hamr-navigation/goalpub/build/pathsplit/CMakeFiles/CMakeTmp/CheckSymbolExists.c
Linking C executable cmTC_8b0d1
/usr/bin/cmake -E cmake_link_script CMakeFiles/cmTC_8b0d1.dir/link.txt --verbose=1
/usr/bin/cc       CMakeFiles/cmTC_8b0d1.dir/CheckSymbolExists.c.o  -o cmTC_8b0d1 -rdynamic 
CMakeFiles/cmTC_8b0d1.dir/CheckSymbolExists.c.o: In function `main':
CheckSymbolExists.c:(.text+0x16): undefined reference to `pthread_create'
collect2: error: ld returned 1 exit status
CMakeFiles/cmTC_8b0d1.dir/build.make:97: recipe for target 'cmTC_8b0d1' failed
make[1]: *** [cmTC_8b0d1] Error 1
make[1]: Leaving directory '/home/martinpc/PycharmProjects/TIAGo-hamr-navigation/goalpub/build/pathsplit/CMakeFiles/CMakeTmp'
Makefile:126: recipe for target 'cmTC_8b0d1/fast' failed
make: *** [cmTC_8b0d1/fast] Error 2

File /home/martinpc/PycharmProjects/TIAGo-hamr-navigation/goalpub/build/pathsplit/CMakeFiles/CMakeTmp/CheckSymbolExists.c:
/* */
#include <pthread.h>

int main(int argc, char** argv)
{
  (void)argv;
#ifndef pthread_create
  return ((int*)(&pthread_create))[argc];
#else
  (void)argc;
  return 0;
#endif
}

Determining if the function pthread_create exists in the pthreads failed with the following output:
Change Dir: /home/martinpc/PycharmProjects/TIAGo-hamr-navigation/goalpub/build/pathsplit/CMakeFiles/CMakeTmp

Run Build Command:"/usr/bin/make" "cmTC_d5f08/fast"
/usr/bin/make -f CMakeFiles/cmTC_d5f08.dir/build.make CMakeFiles/cmTC_d5f08.dir/build
make[1]: Entering directory '/home/martinpc/PycharmProjects/TIAGo-hamr-navigation/goalpub/build/pathsplit/CMakeFiles/CMakeTmp'
Building C object CMakeFiles/cmTC_d5f08.dir/CheckFunctionExists.c.o
/usr/bin/cc    -DCHECK_FUNCTION_EXISTS=pthread_create   -o CMakeFiles/cmTC_d5f08.dir/CheckFunctionExists.c.o   -c /usr/share/cmake-3.5/Modules/CheckFunctionExists.c
Linking C executable cmTC_d5f08
/usr/bin/cmake -E cmake_link_script CMakeFiles/cmTC_d5f08.dir/link.txt --verbose=1
/usr/bin/cc   -DCHECK_FUNCTION_EXISTS=pthread_create    CMakeFiles/cmTC_d5f08.dir/CheckFunctionExists.c.o  -o cmTC_d5f08 -rdynamic -lpthreads 
/usr/bin/ld: cannot find -lpthreads
collect2: error: ld returned 1 exit status
CMakeFiles/cmTC_d5f08.dir/build.make:97: recipe for target 'cmTC_d5f08' failed
make[1]: *** [cmTC_d5f08] Error 1
make[1]: Leaving directory '/home/martinpc/PycharmProjects/TIAGo-hamr-navigation/goalpub/build/pathsplit/CMakeFiles/CMakeTmp'
Makefile:126: recipe for target 'cmTC_d5f08/fast' failed
make: *** [cmTC_d5f08/fast] Error 2


