Symlinking /home/martinpc/PycharmProjects/TIAGo-hamr-navigation/goalpub/devel/share/pathsplit/cmake/pathsplitConfig-version.cmake
Symlinking /home/martinpc/PycharmProjects/TIAGo-hamr-navigation/goalpub/devel/share/pathsplit/cmake/pathsplit-msg-extras.cmake
Symlinking /home/martinpc/PycharmProjects/TIAGo-hamr-navigation/goalpub/devel/share/pathsplit/cmake/pathsplitConfig.cmake
Symlinking /home/martinpc/PycharmProjects/TIAGo-hamr-navigation/goalpub/devel/share/pathsplit/cmake/pathsplit-msg-paths.cmake
Symlinking /home/martinpc/PycharmProjects/TIAGo-hamr-navigation/goalpub/devel/share/gennodejs/ros/pathsplit/_index.js
Symlinking /home/martinpc/PycharmProjects/TIAGo-hamr-navigation/goalpub/devel/share/gennodejs/ros/pathsplit/srv/_index.js
Symlinking /home/martinpc/PycharmProjects/TIAGo-hamr-navigation/goalpub/devel/share/gennodejs/ros/pathsplit/srv/AddTwoInts.js
Symlinking /home/martinpc/PycharmProjects/TIAGo-hamr-navigation/goalpub/devel/share/gennodejs/ros/pathsplit/msg/_index.js
Symlinking /home/martinpc/PycharmProjects/TIAGo-hamr-navigation/goalpub/devel/share/gennodejs/ros/pathsplit/msg/Num.js
Symlinking /home/martinpc/PycharmProjects/TIAGo-hamr-navigation/goalpub/devel/share/common-lisp/ros/pathsplit/srv/_package_AddTwoInts.lisp
Symlinking /home/martinpc/PycharmProjects/TIAGo-hamr-navigation/goalpub/devel/share/common-lisp/ros/pathsplit/srv/_package.lisp
Symlinking /home/martinpc/PycharmProjects/TIAGo-hamr-navigation/goalpub/devel/share/common-lisp/ros/pathsplit/srv/AddTwoInts.lisp
Symlinking /home/martinpc/PycharmProjects/TIAGo-hamr-navigation/goalpub/devel/share/common-lisp/ros/pathsplit/srv/pathsplit-srv.asd
Symlinking /home/martinpc/PycharmProjects/TIAGo-hamr-navigation/goalpub/devel/share/common-lisp/ros/pathsplit/msg/_package_Num.lisp
Symlinking /home/martinpc/PycharmProjects/TIAGo-hamr-navigation/goalpub/devel/share/common-lisp/ros/pathsplit/msg/_package.lisp
Symlinking /home/martinpc/PycharmProjects/TIAGo-hamr-navigation/goalpub/devel/share/common-lisp/ros/pathsplit/msg/pathsplit-msg.asd
Symlinking /home/martinpc/PycharmProjects/TIAGo-hamr-navigation/goalpub/devel/share/common-lisp/ros/pathsplit/msg/Num.lisp
Symlinking /home/martinpc/PycharmProjects/TIAGo-hamr-navigation/goalpub/devel/share/roseus/ros/pathsplit/manifest.l
Symlinking /home/martinpc/PycharmProjects/TIAGo-hamr-navigation/goalpub/devel/share/roseus/ros/pathsplit/srv/AddTwoInts.l
Symlinking /home/martinpc/PycharmProjects/TIAGo-hamr-navigation/goalpub/devel/share/roseus/ros/pathsplit/msg/Num.l
Symlinking /home/martinpc/PycharmProjects/TIAGo-hamr-navigation/goalpub/devel/lib/pathsplit/pathlist
Symlinking /home/martinpc/PycharmProjects/TIAGo-hamr-navigation/goalpub/devel/lib/pathsplit/lidarod
Symlinking /home/martinpc/PycharmProjects/TIAGo-hamr-navigation/goalpub/devel/lib/pkgconfig/pathsplit.pc
Symlinking /home/martinpc/PycharmProjects/TIAGo-hamr-navigation/goalpub/devel/lib/python2.7/dist-packages/pathsplit/__init__.py
Symlinking /home/martinpc/PycharmProjects/TIAGo-hamr-navigation/goalpub/devel/lib/python2.7/dist-packages/pathsplit/srv/__init__.py
Symlinking /home/martinpc/PycharmProjects/TIAGo-hamr-navigation/goalpub/devel/lib/python2.7/dist-packages/pathsplit/srv/_AddTwoInts.py
Symlinking /home/martinpc/PycharmProjects/TIAGo-hamr-navigation/goalpub/devel/lib/python2.7/dist-packages/pathsplit/msg/_Num.py
Symlinking /home/martinpc/PycharmProjects/TIAGo-hamr-navigation/goalpub/devel/lib/python2.7/dist-packages/pathsplit/msg/__init__.py
Symlinking /home/martinpc/PycharmProjects/TIAGo-hamr-navigation/goalpub/devel/include/pathsplit/AddTwoIntsResponse.h
Symlinking /home/martinpc/PycharmProjects/TIAGo-hamr-navigation/goalpub/devel/include/pathsplit/AddTwoInts.h
Symlinking /home/martinpc/PycharmProjects/TIAGo-hamr-navigation/goalpub/devel/include/pathsplit/Num.h
Symlinking /home/martinpc/PycharmProjects/TIAGo-hamr-navigation/goalpub/devel/include/pathsplit/AddTwoIntsRequest.h
