[35m[1mScanning dependencies of target _pathsplit_generate_messages_check_deps_AddTwoInts[0m
[35m[1mScanning dependencies of target _pathsplit_generate_messages_check_deps_Num[0m
[35m[1mScanning dependencies of target std_msgs_generate_messages_cpp[0m
[35m[1mScanning dependencies of target std_msgs_generate_messages_nodejs[0m
[  0%] Built target std_msgs_generate_messages_nodejs
[  0%] Built target std_msgs_generate_messages_cpp
[35m[1mScanning dependencies of target std_msgs_generate_messages_py[0m
[35m[1mScanning dependencies of target std_msgs_generate_messages_eus[0m
[  0%] Built target std_msgs_generate_messages_py
[  0%] Built target _pathsplit_generate_messages_check_deps_AddTwoInts
[  0%] Built target std_msgs_generate_messages_eus
[  0%] Built target _pathsplit_generate_messages_check_deps_Num
[35m[1mScanning dependencies of target std_msgs_generate_messages_lisp[0m
[35m[1mScanning dependencies of target pathsplit_generate_messages_py[0m
[35m[1mScanning dependencies of target pathsplit_generate_messages_nodejs[0m
[35m[1mScanning dependencies of target pathsplit_generate_messages_cpp[0m
[  0%] Built target std_msgs_generate_messages_lisp
[  5%] [34m[1mGenerating C++ code from pathsplit/Num.msg[0m
[ 11%] [34m[1mGenerating Javascript code from pathsplit/Num.msg[0m
[ 17%] [34m[1mGenerating Python from MSG pathsplit/Num[0m
[ 23%] [34m[1mGenerating Javascript code from pathsplit/AddTwoInts.srv[0m
[35m[1mScanning dependencies of target pathsplit_generate_messages_eus[0m
[ 23%] Built target pathsplit_generate_messages_nodejs
[ 29%] [34m[1mGenerating EusLisp code from pathsplit/Num.msg[0m
[ 35%] [34m[1mGenerating Python code from SRV pathsplit/AddTwoInts[0m
[ 41%] [34m[1mGenerating EusLisp code from pathsplit/AddTwoInts.srv[0m
[ 47%] [34m[1mGenerating C++ code from pathsplit/AddTwoInts.srv[0m
[ 52%] [34m[1mGenerating EusLisp manifest code for pathsplit[0m
[ 58%] [34m[1mGenerating Python msg __init__.py for pathsplit[0m
[ 64%] [34m[1mGenerating Python srv __init__.py for pathsplit[0m
[35m[1mScanning dependencies of target pathsplit_generate_messages_lisp[0m
[ 70%] [34m[1mGenerating Lisp code from pathsplit/Num.msg[0m
[ 70%] Built target pathsplit_generate_messages_py
[ 76%] [34m[1mGenerating Lisp code from pathsplit/AddTwoInts.srv[0m
[ 76%] Built target pathsplit_generate_messages_lisp
[ 76%] Built target pathsplit_generate_messages_cpp
[35m[1mScanning dependencies of target lidarod[0m
[35m[1mScanning dependencies of target pathlist[0m
[ 82%] [32mBuilding CXX object CMakeFiles/lidarod.dir/src/lidarod.cpp.o[0m
[ 88%] [32mBuilding CXX object CMakeFiles/pathlist.dir/src/pathlist.cpp.o[0m
[ 88%] Built target pathsplit_generate_messages_eus
[35m[1mScanning dependencies of target pathsplit_generate_messages[0m
[ 88%] Built target pathsplit_generate_messages
[ 94%] [32m[1mLinking CXX executable /home/martinpc/PycharmProjects/TIAGo-hamr-navigation/goalpub/devel/.private/pathsplit/lib/pathsplit/pathlist[0m
[100%] [32m[1mLinking CXX executable /home/martinpc/PycharmProjects/TIAGo-hamr-navigation/goalpub/devel/.private/pathsplit/lib/pathsplit/lidarod[0m
[100%] Built target pathlist
[100%] Built target lidarod
