Determining if the pthread_create exist failed with the following output:
Change Dir: /home/martinpc/PycharmProjects/TIAGo-hamr-navigation/pathsplit/build/catkin_tools_prebuild/CMakeFiles/CMakeTmp

Run Build Command:"/usr/bin/make" "cmTC_0b3bf/fast"
/usr/bin/make -f CMakeFiles/cmTC_0b3bf.dir/build.make CMakeFiles/cmTC_0b3bf.dir/build
make[1]: Entering directory '/home/martinpc/PycharmProjects/TIAGo-hamr-navigation/pathsplit/build/catkin_tools_prebuild/CMakeFiles/CMakeTmp'
Building C object CMakeFiles/cmTC_0b3bf.dir/CheckSymbolExists.c.o
/usr/bin/cc     -o CMakeFiles/cmTC_0b3bf.dir/CheckSymbolExists.c.o   -c /home/martinpc/PycharmProjects/TIAGo-hamr-navigation/pathsplit/build/catkin_tools_prebuild/CMakeFiles/CMakeTmp/CheckSymbolExists.c
Linking C executable cmTC_0b3bf
/usr/bin/cmake -E cmake_link_script CMakeFiles/cmTC_0b3bf.dir/link.txt --verbose=1
/usr/bin/cc       CMakeFiles/cmTC_0b3bf.dir/CheckSymbolExists.c.o  -o cmTC_0b3bf -rdynamic 
CMakeFiles/cmTC_0b3bf.dir/CheckSymbolExists.c.o: In function `main':
CheckSymbolExists.c:(.text+0x16): undefined reference to `pthread_create'
collect2: error: ld returned 1 exit status
CMakeFiles/cmTC_0b3bf.dir/build.make:97: recipe for target 'cmTC_0b3bf' failed
make[1]: *** [cmTC_0b3bf] Error 1
make[1]: Leaving directory '/home/martinpc/PycharmProjects/TIAGo-hamr-navigation/pathsplit/build/catkin_tools_prebuild/CMakeFiles/CMakeTmp'
Makefile:126: recipe for target 'cmTC_0b3bf/fast' failed
make: *** [cmTC_0b3bf/fast] Error 2

File /home/martinpc/PycharmProjects/TIAGo-hamr-navigation/pathsplit/build/catkin_tools_prebuild/CMakeFiles/CMakeTmp/CheckSymbolExists.c:
/* */
#include <pthread.h>

int main(int argc, char** argv)
{
  (void)argv;
#ifndef pthread_create
  return ((int*)(&pthread_create))[argc];
#else
  (void)argc;
  return 0;
#endif
}

Determining if the function pthread_create exists in the pthreads failed with the following output:
Change Dir: /home/martinpc/PycharmProjects/TIAGo-hamr-navigation/pathsplit/build/catkin_tools_prebuild/CMakeFiles/CMakeTmp

Run Build Command:"/usr/bin/make" "cmTC_2b4cf/fast"
/usr/bin/make -f CMakeFiles/cmTC_2b4cf.dir/build.make CMakeFiles/cmTC_2b4cf.dir/build
make[1]: Entering directory '/home/martinpc/PycharmProjects/TIAGo-hamr-navigation/pathsplit/build/catkin_tools_prebuild/CMakeFiles/CMakeTmp'
Building C object CMakeFiles/cmTC_2b4cf.dir/CheckFunctionExists.c.o
/usr/bin/cc    -DCHECK_FUNCTION_EXISTS=pthread_create   -o CMakeFiles/cmTC_2b4cf.dir/CheckFunctionExists.c.o   -c /usr/share/cmake-3.5/Modules/CheckFunctionExists.c
Linking C executable cmTC_2b4cf
/usr/bin/cmake -E cmake_link_script CMakeFiles/cmTC_2b4cf.dir/link.txt --verbose=1
/usr/bin/cc   -DCHECK_FUNCTION_EXISTS=pthread_create    CMakeFiles/cmTC_2b4cf.dir/CheckFunctionExists.c.o  -o cmTC_2b4cf -rdynamic -lpthreads 
/usr/bin/ld: cannot find -lpthreads
collect2: error: ld returned 1 exit status
CMakeFiles/cmTC_2b4cf.dir/build.make:97: recipe for target 'cmTC_2b4cf' failed
make[1]: *** [cmTC_2b4cf] Error 1
make[1]: Leaving directory '/home/martinpc/PycharmProjects/TIAGo-hamr-navigation/pathsplit/build/catkin_tools_prebuild/CMakeFiles/CMakeTmp'
Makefile:126: recipe for target 'cmTC_2b4cf/fast' failed
make: *** [cmTC_2b4cf/fast] Error 2


